<?xml version="1.0" encoding="UTF-8"?>
<!-- Generated by org.testng.reporters.JUnitReportReporter -->
<testsuite hostname="Ramya" failures="0" tests="1" name="AutomationExercise.TC7_VerifyTestCasesPage" time="23.805" errors="0" timestamp="2023-12-22T19:06:55 IST" skipped="0">
  <testcase classname="AutomationExercise.TC7_VerifyTestCasesPage" name="testcasesButton" time="23.805"/>
</testsuite> <!-- AutomationExercise.TC7_VerifyTestCasesPage -->
