<?xml version="1.0" encoding="UTF-8"?>
<!-- Generated by org.testng.reporters.JUnitReportReporter -->
<testsuite hostname="Ramya" failures="0" tests="1" name="AutomationExercise.TC1_RegisterUser" time="51.349" errors="0" timestamp="2023-12-22T18:10:03 IST" skipped="0">
  <testcase classname="AutomationExercise.TC1_RegisterUser" name="signUp_Login" time="51.349"/>
</testsuite> <!-- AutomationExercise.TC1_RegisterUser -->
