<?xml version="1.0" encoding="UTF-8"?>
<!-- Generated by org.testng.reporters.JUnitReportReporter -->
<testsuite hostname="Ramya" failures="0" tests="1" name="AutomationExercise.TC4_LogoutUser" time="45.753" errors="0" timestamp="2023-12-22T18:18:54 IST" skipped="0">
  <testcase classname="AutomationExercise.TC4_LogoutUser" name="logoutUser" time="45.753"/>
</testsuite> <!-- AutomationExercise.TC4_LogoutUser -->
