<?xml version="1.0" encoding="UTF-8"?>
<!-- Generated by org.testng.reporters.JUnitReportReporter -->
<testsuite hostname="Ramya" failures="0" tests="1" name="AutomationExercise.TC8_VerifyAllProducts_detailPage" time="115.792" errors="0" timestamp="2023-12-22T19:20:13 IST" skipped="0">
  <testcase classname="AutomationExercise.TC8_VerifyAllProducts_detailPage" name="verifyProducts" time="115.792"/>
</testsuite> <!-- AutomationExercise.TC8_VerifyAllProducts_detailPage -->
