<?xml version="1.0" encoding="UTF-8"?>
<!-- Generated by org.testng.reporters.JUnitReportReporter -->
<testsuite hostname="Ramya" failures="0" tests="4" name="AutomationExercise.TC10_VerifySubscription_HP" time="116.201" errors="0" timestamp="2023-12-24T16:57:05 IST" skipped="0">
  <testcase classname="AutomationExercise.TC10_VerifySubscription_HP" name="testRegisterUser" time="61.551"/>
  <testcase classname="AutomationExercise.TC10_VerifySubscription_HP" name="testLoginWithCorrectCredentials" time="18.153"/>
  <testcase classname="AutomationExercise.TC10_VerifySubscription_HP" name="testLoginWithIncorrectCredentials" time="15.288"/>
  <testcase classname="AutomationExercise.TC10_VerifySubscription_HP" name="testLogoutUser" time="21.209"/>
</testsuite> <!-- AutomationExercise.TC10_VerifySubscription_HP -->
