<?xml version="1.0" encoding="UTF-8"?>
<!-- Generated by org.testng.reporters.JUnitReportReporter -->
<testsuite hostname="Ramya" failures="0" tests="1" name="AutomationExercise.TC3_Login_withInvalid_email_Password" time="17.699" errors="0" timestamp="2023-12-22T16:44:33 IST" skipped="0">
  <testcase classname="AutomationExercise.TC3_Login_withInvalid_email_Password" name="login" time="17.699"/>
</testsuite> <!-- AutomationExercise.TC3_Login_withInvalid_email_Password -->
