<?xml version="1.0" encoding="UTF-8"?>
<!-- Generated by org.testng.reporters.JUnitReportReporter -->
<testsuite hostname="Ramya" failures="0" tests="1" name="AutomationExercise.TC5_RegisterUser_with_existing_email" time="20.062" errors="0" timestamp="2023-12-22T18:27:51 IST" skipped="0">
  <testcase classname="AutomationExercise.TC5_RegisterUser_with_existing_email" name="register_withExistingEmail" time="20.062"/>
</testsuite> <!-- AutomationExercise.TC5_RegisterUser_with_existing_email -->
