<?xml version="1.0" encoding="UTF-8"?>
<!-- Generated by org.testng.reporters.JUnitReportReporter -->
<testsuite hostname="Ramya" failures="0" tests="1" name="AutomationExercise.TC6_ContactUsForm" time="142.804" errors="0" timestamp="2023-12-22T19:03:44 IST" skipped="0">
  <testcase classname="AutomationExercise.TC6_ContactUsForm" name="contactUsForm" time="142.804"/>
</testsuite> <!-- AutomationExercise.TC6_ContactUsForm -->
