<?xml version="1.0" encoding="UTF-8"?>
<!-- Generated by org.testng.reporters.JUnitReportReporter -->
<testsuite hostname="Ramya" failures="0" tests="1" name="AutomationExercise.TC9_SearchProduct" time="211.163" errors="0" timestamp="2023-12-23T14:15:35 IST" skipped="0">
  <testcase classname="AutomationExercise.TC9_SearchProduct" name="verifyProducts" time="211.163"/>
</testsuite> <!-- AutomationExercise.TC9_SearchProduct -->
